{"level":"info","message":"Listening on port 3000..."}
{"level":"info","message":"Connected to mongodb://localhost/fencyfy..."}
{"level":"info","message":"Listening on port 3000..."}
{"level":"info","message":"Connected to mongodb://localhost/fencyfy..."}
{"level":"info","message":"Listening on port 3000..."}
{"level":"info","message":"Connected to mongodb://localhost/fencyfy..."}
{"level":"info","message":"Listening on port 3000..."}
{"level":"info","message":"Connected to mongodb://localhost/fencyfy..."}
{"level":"info","message":"Listening on port 3000..."}
{"level":"info","message":"Connected to mongodb://localhost/fencyfy..."}
{"level":"info","message":"Listening on port 3000..."}
{"level":"info","message":"Connected to mongodb://localhost/fencyfy..."}
{"level":"info","message":"Listening on port 3000..."}
{"level":"info","message":"Connected to mongodb://localhost/fencyfy..."}
{"level":"info","message":"Listening on port 3000..."}
{"level":"info","message":"Connected to mongodb://localhost/fencyfy..."}
{"level":"error","message":"Cannot read properties of undefined (reading '_id') Cannot read properties of undefined (reading '_id')","stack":"TypeError: Cannot read properties of undefined (reading '_id')\n    at C:\\Users\\dell\\Documents\\Services\\routes\\products.js:55:53\n    at C:\\Users\\dell\\Documents\\Services\\middleware\\async.js:4:14\n    at newFn (C:\\Users\\dell\\Documents\\Services\\node_modules\\express-async-errors\\index.js:16:20)\n    at Layer.handle [as handle_request] (C:\\Users\\dell\\Documents\\Services\\node_modules\\express\\lib\\router\\layer.js:95:5)\n    at next (C:\\Users\\dell\\Documents\\Services\\node_modules\\express\\lib\\router\\route.js:137:13)\n    at module.exports (C:\\Users\\dell\\Documents\\Services\\middleware\\admin.js:3:1)\n    at newFn (C:\\Users\\dell\\Documents\\Services\\node_modules\\express-async-errors\\index.js:16:20)\n    at Layer.handle [as handle_request] (C:\\Users\\dell\\Documents\\Services\\node_modules\\express\\lib\\router\\layer.js:95:5)\n    at next (C:\\Users\\dell\\Documents\\Services\\node_modules\\express\\lib\\router\\route.js:137:13)\n    at module.exports (C:\\Users\\dell\\Documents\\Services\\middleware\\auth.js:11:9)"}
{"level":"info","message":"Listening on port 3000..."}
{"level":"info","message":"Connected to mongodb://localhost/fencyfy..."}
{"level":"error","message":"Cannot read properties of undefined (reading '_id') Cannot read properties of undefined (reading '_id')","stack":"TypeError: Cannot read properties of undefined (reading '_id')\n    at C:\\Users\\dell\\Documents\\Services\\routes\\products.js:55:53\n    at C:\\Users\\dell\\Documents\\Services\\middleware\\async.js:4:14\n    at newFn (C:\\Users\\dell\\Documents\\Services\\node_modules\\express-async-errors\\index.js:16:20)\n    at Layer.handle [as handle_request] (C:\\Users\\dell\\Documents\\Services\\node_modules\\express\\lib\\router\\layer.js:95:5)\n    at next (C:\\Users\\dell\\Documents\\Services\\node_modules\\express\\lib\\router\\route.js:137:13)\n    at module.exports (C:\\Users\\dell\\Documents\\Services\\middleware\\admin.js:3:1)\n    at newFn (C:\\Users\\dell\\Documents\\Services\\node_modules\\express-async-errors\\index.js:16:20)\n    at Layer.handle [as handle_request] (C:\\Users\\dell\\Documents\\Services\\node_modules\\express\\lib\\router\\layer.js:95:5)\n    at next (C:\\Users\\dell\\Documents\\Services\\node_modules\\express\\lib\\router\\route.js:137:13)\n    at module.exports (C:\\Users\\dell\\Documents\\Services\\middleware\\auth.js:11:9)"}
{"level":"info","message":"Listening on port 3000..."}
{"level":"info","message":"Connected to mongodb://localhost/fencyfy..."}
{"level":"info","message":"Listening on port 3000..."}
{"level":"info","message":"Connected to mongodb://localhost/fencyfy..."}
{"level":"error","message":"Cannot read properties of undefined (reading '_id') Cannot read properties of undefined (reading '_id')","stack":"TypeError: Cannot read properties of undefined (reading '_id')\n    at C:\\Users\\dell\\Documents\\Services\\routes\\products.js:55:60\n    at C:\\Users\\dell\\Documents\\Services\\middleware\\async.js:4:14\n    at newFn (C:\\Users\\dell\\Documents\\Services\\node_modules\\express-async-errors\\index.js:16:20)\n    at Layer.handle [as handle_request] (C:\\Users\\dell\\Documents\\Services\\node_modules\\express\\lib\\router\\layer.js:95:5)\n    at next (C:\\Users\\dell\\Documents\\Services\\node_modules\\express\\lib\\router\\route.js:137:13)\n    at module.exports (C:\\Users\\dell\\Documents\\Services\\middleware\\admin.js:3:1)\n    at newFn (C:\\Users\\dell\\Documents\\Services\\node_modules\\express-async-errors\\index.js:16:20)\n    at Layer.handle [as handle_request] (C:\\Users\\dell\\Documents\\Services\\node_modules\\express\\lib\\router\\layer.js:95:5)\n    at next (C:\\Users\\dell\\Documents\\Services\\node_modules\\express\\lib\\router\\route.js:137:13)\n    at module.exports (C:\\Users\\dell\\Documents\\Services\\middleware\\auth.js:11:9)"}
{"level":"info","message":"Listening on port 3000..."}
{"level":"info","message":"Connected to mongodb://localhost/fencyfy..."}
{"level":"info","message":"Listening on port 3000..."}
{"level":"info","message":"Connected to mongodb://localhost/fencyfy..."}
{"level":"info","message":"Listening on port 3000..."}
{"level":"info","message":"Connected to mongodb://localhost/fencyfy..."}
{"level":"info","message":"Listening on port 3000..."}
{"level":"info","message":"Listening on port 3000..."}
{"level":"error","message":"Cannot read properties of undefined (reading 'toHexString') Cannot read properties of undefined (reading 'toHexString')","stack":"TypeError: Cannot read properties of undefined (reading 'toHexString')\n    at C:\\Users\\dell\\Documents\\Services\\routes\\products.js:56:29\n    at C:\\Users\\dell\\Documents\\Services\\middleware\\async.js:4:14\n    at newFn (C:\\Users\\dell\\Documents\\Services\\node_modules\\express-async-errors\\index.js:16:20)\n    at Layer.handle [as handle_request] (C:\\Users\\dell\\Documents\\Services\\node_modules\\express\\lib\\router\\layer.js:95:5)\n    at next (C:\\Users\\dell\\Documents\\Services\\node_modules\\express\\lib\\router\\route.js:137:13)\n    at module.exports (C:\\Users\\dell\\Documents\\Services\\middleware\\admin.js:3:1)\n    at newFn (C:\\Users\\dell\\Documents\\Services\\node_modules\\express-async-errors\\index.js:16:20)\n    at Layer.handle [as handle_request] (C:\\Users\\dell\\Documents\\Services\\node_modules\\express\\lib\\router\\layer.js:95:5)\n    at next (C:\\Users\\dell\\Documents\\Services\\node_modules\\express\\lib\\router\\route.js:137:13)\n    at module.exports (C:\\Users\\dell\\Documents\\Services\\middleware\\auth.js:11:9)"}
{"level":"info","message":"Listening on port 3000..."}
{"level":"info","message":"Connected to mongodb://localhost/fencyfy..."}
{"level":"error","message":"Cannot read properties of undefined (reading 'toHexString') Cannot read properties of undefined (reading 'toHexString')","stack":"TypeError: Cannot read properties of undefined (reading 'toHexString')\n    at C:\\Users\\dell\\Documents\\Services\\routes\\products.js:56:29\n    at C:\\Users\\dell\\Documents\\Services\\middleware\\async.js:4:14\n    at newFn (C:\\Users\\dell\\Documents\\Services\\node_modules\\express-async-errors\\index.js:16:20)\n    at Layer.handle [as handle_request] (C:\\Users\\dell\\Documents\\Services\\node_modules\\express\\lib\\router\\layer.js:95:5)\n    at next (C:\\Users\\dell\\Documents\\Services\\node_modules\\express\\lib\\router\\route.js:137:13)\n    at module.exports (C:\\Users\\dell\\Documents\\Services\\middleware\\admin.js:3:1)\n    at newFn (C:\\Users\\dell\\Documents\\Services\\node_modules\\express-async-errors\\index.js:16:20)\n    at Layer.handle [as handle_request] (C:\\Users\\dell\\Documents\\Services\\node_modules\\express\\lib\\router\\layer.js:95:5)\n    at next (C:\\Users\\dell\\Documents\\Services\\node_modules\\express\\lib\\router\\route.js:137:13)\n    at module.exports (C:\\Users\\dell\\Documents\\Services\\middleware\\auth.js:11:9)"}
{"level":"info","message":"Listening on port 3000..."}
{"level":"info","message":"Connected to mongodb://localhost/fencyfy..."}
{"level":"info","message":"Listening on port 3000..."}
{"level":"info","message":"Connected to mongodb://localhost/fencyfy..."}
{"level":"info","message":"Listening on port 3000..."}
{"level":"info","message":"Listening on port 3000..."}
{"level":"info","message":"Listening on port 3000..."}
{"level":"info","message":"Connected to mongodb://localhost/fencyfy..."}
{"level":"info","message":"Listening on port 3000..."}
{"level":"info","message":"Connected to mongodb://localhost/fencyfy..."}
{"level":"info","message":"Listening on port 3000..."}
{"level":"info","message":"Connected to mongodb://localhost/fencyfy..."}
{"level":"info","message":"Listening on port 3000..."}
{"level":"info","message":"Connected to mongodb://localhost/fencyfy..."}
{"level":"info","message":"Listening on port 3000..."}
{"level":"info","message":"Connected to mongodb://localhost/fencyfy..."}
{"level":"info","message":"Listening on port 3000..."}
{"level":"info","message":"Connected to mongodb://localhost/fencyfy..."}
{"level":"info","message":"Listening on port 3000..."}
{"level":"info","message":"Connected to mongodb://localhost/fencyfy..."}
{"level":"info","message":"Listening on port 3000..."}
{"level":"info","message":"Connected to mongodb://localhost/fencyfy..."}
{"level":"info","message":"Listening on port 3000..."}
{"level":"info","message":"Connected to mongodb://localhost/fencyfy..."}
{"level":"info","message":"Listening on port 3000..."}
{"level":"info","message":"Connected to mongodb://localhost/fencyfy..."}
{"body":"{\r\n    \"\"\r\n}","expose":true,"level":"error","message":"Unexpected token } in JSON at position 11 Unexpected token } in JSON at position 11","stack":"SyntaxError: Unexpected token } in JSON at position 11\n    at JSON.parse (<anonymous>)\n    at parse (C:\\Users\\dell\\Documents\\Services\\node_modules\\body-parser\\lib\\types\\json.js:89:19)\n    at C:\\Users\\dell\\Documents\\Services\\node_modules\\body-parser\\lib\\read.js:121:18\n    at invokeCallback (C:\\Users\\dell\\Documents\\Services\\node_modules\\raw-body\\index.js:224:16)\n    at done (C:\\Users\\dell\\Documents\\Services\\node_modules\\raw-body\\index.js:213:7)\n    at IncomingMessage.onEnd (C:\\Users\\dell\\Documents\\Services\\node_modules\\raw-body\\index.js:273:7)\n    at IncomingMessage.emit (node:events:532:35)\n    at endReadableNT (node:internal/streams/readable:1346:12)\n    at processTicksAndRejections (node:internal/process/task_queues:83:21)","status":400,"statusCode":400,"type":"entity.parse.failed"}
{"code":"ERR_HTTP_HEADERS_SENT","level":"error","message":"Cannot set headers after they are sent to the client Cannot set headers after they are sent to the client","stack":"Error [ERR_HTTP_HEADERS_SENT]: Cannot set headers after they are sent to the client\n    at new NodeError (node:internal/errors:371:5)\n    at ServerResponse.setHeader (node:_http_outgoing:576:11)\n    at ServerResponse.header (C:\\Users\\dell\\Documents\\Services\\node_modules\\express\\lib\\response.js:767:10)\n    at ServerResponse.send (C:\\Users\\dell\\Documents\\Services\\node_modules\\express\\lib\\response.js:170:12)\n    at ServerResponse.json (C:\\Users\\dell\\Documents\\Services\\node_modules\\express\\lib\\response.js:267:15)\n    at C:\\Users\\dell\\Documents\\Services\\routes\\products.js:19:21\n    at processTicksAndRejections (node:internal/process/task_queues:96:5)\n    at async C:\\Users\\dell\\Documents\\Services\\middleware\\async.js:4:8"}
{"level":"info","message":"Listening on port 3000..."}
{"level":"info","message":"Connected to mongodb://localhost/fencyfy..."}
{"code":"ERR_HTTP_HEADERS_SENT","level":"error","message":"Cannot set headers after they are sent to the client Cannot set headers after they are sent to the client","stack":"Error [ERR_HTTP_HEADERS_SENT]: Cannot set headers after they are sent to the client\n    at new NodeError (node:internal/errors:371:5)\n    at ServerResponse.setHeader (node:_http_outgoing:576:11)\n    at ServerResponse.header (C:\\Users\\dell\\Documents\\Services\\node_modules\\express\\lib\\response.js:767:10)\n    at ServerResponse.send (C:\\Users\\dell\\Documents\\Services\\node_modules\\express\\lib\\response.js:170:12)\n    at ServerResponse.json (C:\\Users\\dell\\Documents\\Services\\node_modules\\express\\lib\\response.js:267:15)\n    at C:\\Users\\dell\\Documents\\Services\\routes\\products.js:19:21\n    at processTicksAndRejections (node:internal/process/task_queues:96:5)\n    at async C:\\Users\\dell\\Documents\\Services\\middleware\\async.js:4:8"}
{"level":"info","message":"Listening on port 3000..."}
{"level":"info","message":"Listening on port 3000..."}
{"level":"info","message":"Listening on port 3000..."}
{"level":"info","message":"Listening on port 3000..."}
{"level":"info","message":"Listening on port 3000..."}
{"level":"info","message":"Listening on port 3000..."}
{"level":"info","message":"Listening on port 3000..."}
{"level":"info","message":"Listening on port 3000..."}
{"level":"info","message":"Listening on port 3000..."}
{"level":"info","message":"Listening on port 3000..."}
{"level":"info","message":"Connected to mongodb://localhost/fencyfy..."}
{"level":"info","message":"Listening on port 3000..."}
{"level":"info","message":"Connected to mongodb://localhost/fencyfy..."}
{"level":"info","message":"Listening on port 3000..."}
{"level":"info","message":"Connected to mongodb://localhost/fencyfy..."}
{"level":"info","message":"Listening on port 3000..."}
{"level":"info","message":"Connected to mongodb://localhost/fencyfy..."}
{"level":"info","message":"Listening on port 3000..."}
{"level":"info","message":"Connected to mongodb://localhost/fencyfy..."}
{"level":"info","message":"Listening on port 3000..."}
{"level":"info","message":"Connected to mongodb://localhost/fencyfy..."}
{"level":"info","message":"Listening on port 3000..."}
{"level":"info","message":"Connected to mongodb://localhost/fencyfy..."}
{"code":"ERR_HTTP_HEADERS_SENT","level":"error","message":"Cannot set headers after they are sent to the client Cannot set headers after they are sent to the client","stack":"Error [ERR_HTTP_HEADERS_SENT]: Cannot set headers after they are sent to the client\n    at new NodeError (node:internal/errors:371:5)\n    at ServerResponse.setHeader (node:_http_outgoing:576:11)\n    at ServerResponse.header (C:\\Users\\dell\\Documents\\Services\\node_modules\\express\\lib\\response.js:767:10)\n    at ServerResponse.send (C:\\Users\\dell\\Documents\\Services\\node_modules\\express\\lib\\response.js:170:12)\n    at ServerResponse.json (C:\\Users\\dell\\Documents\\Services\\node_modules\\express\\lib\\response.js:267:15)\n    at C:\\Users\\dell\\Documents\\Services\\routes\\products.js:33:21\n    at processTicksAndRejections (node:internal/process/task_queues:96:5)\n    at async C:\\Users\\dell\\Documents\\Services\\middleware\\async.js:4:8"}
{"code":"ERR_HTTP_HEADERS_SENT","level":"error","message":"Cannot set headers after they are sent to the client Cannot set headers after they are sent to the client","stack":"Error [ERR_HTTP_HEADERS_SENT]: Cannot set headers after they are sent to the client\n    at new NodeError (node:internal/errors:371:5)\n    at ServerResponse.setHeader (node:_http_outgoing:576:11)\n    at ServerResponse.header (C:\\Users\\dell\\Documents\\Services\\node_modules\\express\\lib\\response.js:767:10)\n    at ServerResponse.send (C:\\Users\\dell\\Documents\\Services\\node_modules\\express\\lib\\response.js:170:12)\n    at ServerResponse.json (C:\\Users\\dell\\Documents\\Services\\node_modules\\express\\lib\\response.js:267:15)\n    at C:\\Users\\dell\\Documents\\Services\\routes\\products.js:21:21\n    at processTicksAndRejections (node:internal/process/task_queues:96:5)\n    at async C:\\Users\\dell\\Documents\\Services\\middleware\\async.js:4:8"}
{"level":"info","message":"Listening on port 3000..."}
{"level":"info","message":"Connected to mongodb://localhost/fencyfy..."}
{"level":"info","message":"Listening on port 3000..."}
{"level":"info","message":"Connected to mongodb://localhost/fencyfy..."}
{"level":"info","message":"Listening on port 3000..."}
{"level":"info","message":"Connected to mongodb://localhost/fencyfy..."}
{"level":"info","message":"Listening on port 3000..."}
{"level":"info","message":"Connected to mongodb://localhost/fencyfy..."}
{"level":"info","message":"Listening on port 3000..."}
{"level":"info","message":"Connected to mongodb://localhost/fencyfy..."}
{"level":"info","message":"Listening on port 3000..."}
{"level":"info","message":"Connected to mongodb://localhost/fencyfy..."}
{"level":"info","message":"Listening on port 3000..."}
{"level":"info","message":"Connected to mongodb://localhost/fencyfy..."}
